2024/07/12 12:50:20 [error] [exception.CHttpException.404] CHttpException: Unable to resolve the request "userindex". in C:\laragon\www\yii-1\framework\web\CWebApplication.php:286
Stack trace:
#0 C:\laragon\www\yii-1\framework\web\CWebApplication.php(141): CWebApplication->runController('userindex')
#1 C:\laragon\www\yii-1\framework\base\CApplication.php(185): CWebApplication->processRequest()
#2 C:\laragon\www\inovamedika\index.php(13): CApplication->run()
#3 {main}
REQUEST_URI=/inovamedika/index.php/userindex
---
2024/07/12 12:52:55 [error] [system.db.CDbCommand] CDbCommand::execute() failed: SQLSTATE[22007]: Invalid datetime format: 1292 Incorrect datetime value: '19.52' for column `web_programmer_grit`.`user`.`created_at` at row 1. The SQL statement executed was: INSERT INTO `user` (`status`, `username`, `password`, `email`, `created_at`, `updated_at`) VALUES (:yp0, :yp1, :yp2, :yp3, :yp4, :yp5).
in C:\laragon\www\inovamedika\protected\controllers\UserController.php (73)
in C:\laragon\www\inovamedika\index.php (13)
2024/07/12 12:52:55 [error] [exception.CDbException] CDbException: CDbCommand failed to execute the SQL statement: SQLSTATE[22007]: Invalid datetime format: 1292 Incorrect datetime value: '19.52' for column `web_programmer_grit`.`user`.`created_at` at row 1. The SQL statement executed was: INSERT INTO `user` (`status`, `username`, `password`, `email`, `created_at`, `updated_at`) VALUES (:yp0, :yp1, :yp2, :yp3, :yp4, :yp5) in C:\laragon\www\yii-1\framework\db\CDbCommand.php:358
Stack trace:
#0 C:\laragon\www\yii-1\framework\db\ar\CActiveRecord.php(1083): CDbCommand->execute()
#1 C:\laragon\www\yii-1\framework\db\ar\CActiveRecord.php(811): CActiveRecord->insert(NULL)
#2 C:\laragon\www\inovamedika\protected\controllers\UserController.php(73): CActiveRecord->save()
#3 C:\laragon\www\yii-1\framework\web\actions\CInlineAction.php(49): UserController->actionCreate()
#4 C:\laragon\www\yii-1\framework\web\CController.php(308): CInlineAction->runWithParams(Array)
#5 C:\laragon\www\yii-1\framework\web\filters\CFilterChain.php(134): CController->runAction(Object(CInlineAction))
#6 C:\laragon\www\yii-1\framework\web\filters\CFilter.php(40): CFilterChain->run()
#7 C:\laragon\www\yii-1\framework\web\CController.php(1148): CFilter->filter(Object(CFilterChain))
#8 C:\laragon\www\yii-1\framework\web\filters\CInlineFilter.php(58): CController->filterAccessControl(Object(CFilterChain))
#9 C:\laragon\www\yii-1\framework\web\filters\CFilterChain.php(131): CInlineFilter->filter(Object(CFilterChain))
#10 C:\laragon\www\yii-1\framework\web\CController.php(291): CFilterChain->run()
#11 C:\laragon\www\yii-1\framework\web\CController.php(265): CController->runActionWithFilters(Object(CInlineAction), Array)
#12 C:\laragon\www\yii-1\framework\web\CWebApplication.php(282): CController->run('create')
#13 C:\laragon\www\yii-1\framework\web\CWebApplication.php(141): CWebApplication->runController('user/create')
#14 C:\laragon\www\yii-1\framework\base\CApplication.php(185): CWebApplication->processRequest()
#15 C:\laragon\www\inovamedika\index.php(13): CApplication->run()
#16 {main}
REQUEST_URI=/inovamedika/index.php/user/create
HTTP_REFERER=http://localhost/inovamedika/index.php/user/create
---
2024/07/12 12:55:28 [error] [system.db.CDbCommand] CDbCommand::execute() failed: SQLSTATE[22007]: Invalid datetime format: 1292 Incorrect datetime value: '' for column `web_programmer_grit`.`user`.`created_at` at row 1. The SQL statement executed was: INSERT INTO `user` (`status`, `username`, `password`, `email`, `created_at`, `updated_at`) VALUES (:yp0, :yp1, :yp2, :yp3, :yp4, :yp5).
in C:\laragon\www\inovamedika\protected\controllers\UserController.php (73)
in C:\laragon\www\inovamedika\index.php (13)
2024/07/12 12:55:28 [error] [exception.CDbException] CDbException: CDbCommand failed to execute the SQL statement: SQLSTATE[22007]: Invalid datetime format: 1292 Incorrect datetime value: '' for column `web_programmer_grit`.`user`.`created_at` at row 1. The SQL statement executed was: INSERT INTO `user` (`status`, `username`, `password`, `email`, `created_at`, `updated_at`) VALUES (:yp0, :yp1, :yp2, :yp3, :yp4, :yp5) in C:\laragon\www\yii-1\framework\db\CDbCommand.php:358
Stack trace:
#0 C:\laragon\www\yii-1\framework\db\ar\CActiveRecord.php(1083): CDbCommand->execute()
#1 C:\laragon\www\yii-1\framework\db\ar\CActiveRecord.php(811): CActiveRecord->insert(NULL)
#2 C:\laragon\www\inovamedika\protected\controllers\UserController.php(73): CActiveRecord->save()
#3 C:\laragon\www\yii-1\framework\web\actions\CInlineAction.php(49): UserController->actionCreate()
#4 C:\laragon\www\yii-1\framework\web\CController.php(308): CInlineAction->runWithParams(Array)
#5 C:\laragon\www\yii-1\framework\web\filters\CFilterChain.php(134): CController->runAction(Object(CInlineAction))
#6 C:\laragon\www\yii-1\framework\web\filters\CFilter.php(40): CFilterChain->run()
#7 C:\laragon\www\yii-1\framework\web\CController.php(1148): CFilter->filter(Object(CFilterChain))
#8 C:\laragon\www\yii-1\framework\web\filters\CInlineFilter.php(58): CController->filterAccessControl(Object(CFilterChain))
#9 C:\laragon\www\yii-1\framework\web\filters\CFilterChain.php(131): CInlineFilter->filter(Object(CFilterChain))
#10 C:\laragon\www\yii-1\framework\web\CController.php(291): CFilterChain->run()
#11 C:\laragon\www\yii-1\framework\web\CController.php(265): CController->runActionWithFilters(Object(CInlineAction), Array)
#12 C:\laragon\www\yii-1\framework\web\CWebApplication.php(282): CController->run('create')
#13 C:\laragon\www\yii-1\framework\web\CWebApplication.php(141): CWebApplication->runController('user/create')
#14 C:\laragon\www\yii-1\framework\base\CApplication.php(185): CWebApplication->processRequest()
#15 C:\laragon\www\inovamedika\index.php(13): CApplication->run()
#16 {main}
REQUEST_URI=/inovamedika/index.php/user/create
HTTP_REFERER=http://localhost/inovamedika/index.php/user/create
---
2024/07/12 13:02:22 [error] [exception.CHttpException.400] CHttpException: Your request is invalid. in C:\laragon\www\yii-1\framework\web\CController.php:337
Stack trace:
#0 C:\laragon\www\yii-1\framework\web\CController.php(309): CController->invalidActionParams(Object(CInlineAction))
#1 C:\laragon\www\yii-1\framework\web\filters\CFilterChain.php(134): CController->runAction(Object(CInlineAction))
#2 C:\laragon\www\yii-1\framework\web\filters\CFilter.php(40): CFilterChain->run()
#3 C:\laragon\www\yii-1\framework\web\CController.php(1148): CFilter->filter(Object(CFilterChain))
#4 C:\laragon\www\yii-1\framework\web\filters\CInlineFilter.php(58): CController->filterAccessControl(Object(CFilterChain))
#5 C:\laragon\www\yii-1\framework\web\filters\CFilterChain.php(131): CInlineFilter->filter(Object(CFilterChain))
#6 C:\laragon\www\yii-1\framework\web\CController.php(291): CFilterChain->run()
#7 C:\laragon\www\yii-1\framework\web\CController.php(265): CController->runActionWithFilters(Object(CInlineAction), Array)
#8 C:\laragon\www\yii-1\framework\web\CWebApplication.php(282): CController->run('view')
#9 C:\laragon\www\yii-1\framework\web\CWebApplication.php(141): CWebApplication->runController('wilayah/view/wi...')
#10 C:\laragon\www\yii-1\framework\base\CApplication.php(185): CWebApplication->processRequest()
#11 C:\laragon\www\inovamedika\index.php(13): CApplication->run()
#12 {main}
REQUEST_URI=/inovamedika/index.php/wilayah/view/wilayah
HTTP_REFERER=http://localhost/inovamedika/index.php/site/index
---
2024/07/12 13:02:39 [error] [exception.CHttpException.400] CHttpException: Your request is invalid. in C:\laragon\www\yii-1\framework\web\CController.php:337
Stack trace:
#0 C:\laragon\www\yii-1\framework\web\CController.php(309): CController->invalidActionParams(Object(CInlineAction))
#1 C:\laragon\www\yii-1\framework\web\filters\CFilterChain.php(134): CController->runAction(Object(CInlineAction))
#2 C:\laragon\www\yii-1\framework\web\filters\CFilter.php(40): CFilterChain->run()
#3 C:\laragon\www\yii-1\framework\web\CController.php(1148): CFilter->filter(Object(CFilterChain))
#4 C:\laragon\www\yii-1\framework\web\filters\CInlineFilter.php(58): CController->filterAccessControl(Object(CFilterChain))
#5 C:\laragon\www\yii-1\framework\web\filters\CFilterChain.php(131): CInlineFilter->filter(Object(CFilterChain))
#6 C:\laragon\www\yii-1\framework\web\CController.php(291): CFilterChain->run()
#7 C:\laragon\www\yii-1\framework\web\CController.php(265): CController->runActionWithFilters(Object(CInlineAction), Array)
#8 C:\laragon\www\yii-1\framework\web\CWebApplication.php(282): CController->run('view')
#9 C:\laragon\www\yii-1\framework\web\CWebApplication.php(141): CWebApplication->runController('wilayah/view/wi...')
#10 C:\laragon\www\yii-1\framework\base\CApplication.php(185): CWebApplication->processRequest()
#11 C:\laragon\www\inovamedika\index.php(13): CApplication->run()
#12 {main}
REQUEST_URI=/inovamedika/index.php/wilayah/view/wilayah
HTTP_REFERER=http://localhost/inovamedika/index.php/site/index
---
2024/07/12 13:03:28 [error] [exception.CHttpException.400] CHttpException: Your request is invalid. in C:\laragon\www\yii-1\framework\web\CController.php:337
Stack trace:
#0 C:\laragon\www\yii-1\framework\web\CController.php(309): CController->invalidActionParams(Object(CInlineAction))
#1 C:\laragon\www\yii-1\framework\web\filters\CFilterChain.php(134): CController->runAction(Object(CInlineAction))
#2 C:\laragon\www\yii-1\framework\web\filters\CFilter.php(40): CFilterChain->run()
#3 C:\laragon\www\yii-1\framework\web\CController.php(1148): CFilter->filter(Object(CFilterChain))
#4 C:\laragon\www\yii-1\framework\web\filters\CInlineFilter.php(58): CController->filterAccessControl(Object(CFilterChain))
#5 C:\laragon\www\yii-1\framework\web\filters\CFilterChain.php(131): CInlineFilter->filter(Object(CFilterChain))
#6 C:\laragon\www\yii-1\framework\web\CController.php(291): CFilterChain->run()
#7 C:\laragon\www\yii-1\framework\web\CController.php(265): CController->runActionWithFilters(Object(CInlineAction), Array)
#8 C:\laragon\www\yii-1\framework\web\CWebApplication.php(282): CController->run('view')
#9 C:\laragon\www\yii-1\framework\web\CWebApplication.php(141): CWebApplication->runController('wilayah/view/wi...')
#10 C:\laragon\www\yii-1\framework\base\CApplication.php(185): CWebApplication->processRequest()
#11 C:\laragon\www\inovamedika\index.php(13): CApplication->run()
#12 {main}
REQUEST_URI=/inovamedika/index.php/wilayah/view/wilayah
HTTP_REFERER=http://localhost/inovamedika/index.php/site/index
---
2024/07/12 13:08:40 [error] [exception.CHttpException.404] CHttpException: Unable to resolve the request "index/wilayah". in C:\laragon\www\yii-1\framework\web\CWebApplication.php:286
Stack trace:
#0 C:\laragon\www\yii-1\framework\web\CWebApplication.php(141): CWebApplication->runController('index/wilayah')
#1 C:\laragon\www\yii-1\framework\base\CApplication.php(185): CWebApplication->processRequest()
#2 C:\laragon\www\inovamedika\index.php(13): CApplication->run()
#3 {main}
REQUEST_URI=/inovamedika/index.php/index/wilayah
---
2024/07/12 13:15:25 [error] [system.db.CDbCommand] CDbCommand::execute() failed: SQLSTATE[01000]: Warning: 1265 Data truncated for column 'gaji' at row 1. The SQL statement executed was: INSERT INTO `pegawai` (`nama`, `posisi`, `gaji`, `user_id`) VALUES (:yp0, :yp1, :yp2, :yp3).
in C:\laragon\www\inovamedika\protected\controllers\PegawaiController.php (73)
in C:\laragon\www\inovamedika\index.php (13)
2024/07/12 13:15:25 [error] [exception.CDbException] CDbException: CDbCommand failed to execute the SQL statement: SQLSTATE[01000]: Warning: 1265 Data truncated for column 'gaji' at row 1. The SQL statement executed was: INSERT INTO `pegawai` (`nama`, `posisi`, `gaji`, `user_id`) VALUES (:yp0, :yp1, :yp2, :yp3) in C:\laragon\www\yii-1\framework\db\CDbCommand.php:358
Stack trace:
#0 C:\laragon\www\yii-1\framework\db\ar\CActiveRecord.php(1083): CDbCommand->execute()
#1 C:\laragon\www\yii-1\framework\db\ar\CActiveRecord.php(811): CActiveRecord->insert(NULL)
#2 C:\laragon\www\inovamedika\protected\controllers\PegawaiController.php(73): CActiveRecord->save()
#3 C:\laragon\www\yii-1\framework\web\actions\CInlineAction.php(49): PegawaiController->actionCreate()
#4 C:\laragon\www\yii-1\framework\web\CController.php(308): CInlineAction->runWithParams(Array)
#5 C:\laragon\www\yii-1\framework\web\filters\CFilterChain.php(134): CController->runAction(Object(CInlineAction))
#6 C:\laragon\www\yii-1\framework\web\filters\CFilter.php(40): CFilterChain->run()
#7 C:\laragon\www\yii-1\framework\web\CController.php(1148): CFilter->filter(Object(CFilterChain))
#8 C:\laragon\www\yii-1\framework\web\filters\CInlineFilter.php(58): CController->filterAccessControl(Object(CFilterChain))
#9 C:\laragon\www\yii-1\framework\web\filters\CFilterChain.php(131): CInlineFilter->filter(Object(CFilterChain))
#10 C:\laragon\www\yii-1\framework\web\CController.php(291): CFilterChain->run()
#11 C:\laragon\www\yii-1\framework\web\CController.php(265): CController->runActionWithFilters(Object(CInlineAction), Array)
#12 C:\laragon\www\yii-1\framework\web\CWebApplication.php(282): CController->run('create')
#13 C:\laragon\www\yii-1\framework\web\CWebApplication.php(141): CWebApplication->runController('pegawai/create')
#14 C:\laragon\www\yii-1\framework\base\CApplication.php(185): CWebApplication->processRequest()
#15 C:\laragon\www\inovamedika\index.php(13): CApplication->run()
#16 {main}
REQUEST_URI=/inovamedika/index.php/pegawai/create
HTTP_REFERER=http://localhost/inovamedika/index.php/pegawai/create
---
2024/07/12 13:18:39 [error] [exception.CHttpException.404] CHttpException: Unable to resolve the request "index". in C:\laragon\www\yii-1\framework\web\CWebApplication.php:286
Stack trace:
#0 C:\laragon\www\yii-1\framework\web\CWebApplication.php(141): CWebApplication->runController('index')
#1 C:\laragon\www\yii-1\framework\base\CApplication.php(185): CWebApplication->processRequest()
#2 C:\laragon\www\inovamedika\index.php(13): CApplication->run()
#3 {main}
REQUEST_URI=/inovamedika/index.php/index
---
2024/07/13 03:33:40 [error] [system.db.CDbCommand] CDbCommand::execute() failed: SQLSTATE[23000]: Integrity constraint violation: 1452 Cannot add or update a child row: a foreign key constraint fails (`web_programmer_grit`.`pasien`, CONSTRAINT `fk_pasien_tindakan` FOREIGN KEY (`tindakan_id`) REFERENCES `tindakan` (`id`) ON DELETE CASCADE ON UPDATE CASCADE). The SQL statement executed was: INSERT INTO `pasien` (`nama`, `umur`, `wilayah_id`, `tindakan_id`) VALUES (:yp0, :yp1, :yp2, :yp3).
in C:\laragon\www\inovamedika\protected\controllers\PasienController.php (73)
in C:\laragon\www\inovamedika\index.php (13)
2024/07/13 03:33:40 [error] [exception.CDbException] CDbException: CDbCommand failed to execute the SQL statement: SQLSTATE[23000]: Integrity constraint violation: 1452 Cannot add or update a child row: a foreign key constraint fails (`web_programmer_grit`.`pasien`, CONSTRAINT `fk_pasien_tindakan` FOREIGN KEY (`tindakan_id`) REFERENCES `tindakan` (`id`) ON DELETE CASCADE ON UPDATE CASCADE). The SQL statement executed was: INSERT INTO `pasien` (`nama`, `umur`, `wilayah_id`, `tindakan_id`) VALUES (:yp0, :yp1, :yp2, :yp3) in C:\laragon\www\yii-1\framework\db\CDbCommand.php:358
Stack trace:
#0 C:\laragon\www\yii-1\framework\db\ar\CActiveRecord.php(1083): CDbCommand->execute()
#1 C:\laragon\www\yii-1\framework\db\ar\CActiveRecord.php(811): CActiveRecord->insert(NULL)
#2 C:\laragon\www\inovamedika\protected\controllers\PasienController.php(73): CActiveRecord->save()
#3 C:\laragon\www\yii-1\framework\web\actions\CInlineAction.php(49): PasienController->actionCreate()
#4 C:\laragon\www\yii-1\framework\web\CController.php(308): CInlineAction->runWithParams(Array)
#5 C:\laragon\www\yii-1\framework\web\filters\CFilterChain.php(134): CController->runAction(Object(CInlineAction))
#6 C:\laragon\www\yii-1\framework\web\filters\CFilter.php(40): CFilterChain->run()
#7 C:\laragon\www\yii-1\framework\web\CController.php(1148): CFilter->filter(Object(CFilterChain))
#8 C:\laragon\www\yii-1\framework\web\filters\CInlineFilter.php(58): CController->filterAccessControl(Object(CFilterChain))
#9 C:\laragon\www\yii-1\framework\web\filters\CFilterChain.php(131): CInlineFilter->filter(Object(CFilterChain))
#10 C:\laragon\www\yii-1\framework\web\CController.php(291): CFilterChain->run()
#11 C:\laragon\www\yii-1\framework\web\CController.php(265): CController->runActionWithFilters(Object(CInlineAction), Array)
#12 C:\laragon\www\yii-1\framework\web\CWebApplication.php(282): CController->run('create')
#13 C:\laragon\www\yii-1\framework\web\CWebApplication.php(141): CWebApplication->runController('pasien/create')
#14 C:\laragon\www\yii-1\framework\base\CApplication.php(185): CWebApplication->processRequest()
#15 C:\laragon\www\inovamedika\index.php(13): CApplication->run()
#16 {main}
REQUEST_URI=/inovamedika/index.php/pasien/create
HTTP_REFERER=http://localhost/inovamedika/index.php/pasien/create
---
2024/07/13 03:50:32 [error] [php] Undefined variable $model (C:\laragon\www\inovamedika\protected\views\pegawai\index.php:20)
Stack trace:
#0 C:\laragon\www\yii-1\framework\web\CBaseController.php(126): require()
#1 C:\laragon\www\yii-1\framework\web\CBaseController.php(95): PegawaiController->renderInternal()
#2 C:\laragon\www\yii-1\framework\web\CController.php(872): PegawaiController->renderFile()
#3 C:\laragon\www\yii-1\framework\web\CController.php(785): PegawaiController->renderPartial()
#4 C:\laragon\www\inovamedika\protected\controllers\PegawaiController.php(126): PegawaiController->render()
#5 C:\laragon\www\yii-1\framework\web\actions\CInlineAction.php(49): PegawaiController->actionIndex()
#6 C:\laragon\www\yii-1\framework\web\CController.php(308): CInlineAction->runWithParams()
#7 C:\laragon\www\yii-1\framework\web\filters\CFilterChain.php(134): PegawaiController->runAction()
#8 C:\laragon\www\yii-1\framework\web\filters\CFilter.php(40): CFilterChain->run()
#9 C:\laragon\www\yii-1\framework\web\CController.php(1148): CAccessControlFilter->filter()
#10 C:\laragon\www\yii-1\framework\web\filters\CInlineFilter.php(58): PegawaiController->filterAccessControl()
#11 C:\laragon\www\yii-1\framework\web\filters\CFilterChain.php(131): CInlineFilter->filter()
#12 C:\laragon\www\yii-1\framework\web\CController.php(291): CFilterChain->run()
#13 C:\laragon\www\yii-1\framework\web\CController.php(265): PegawaiController->runActionWithFilters()
#14 C:\laragon\www\yii-1\framework\web\CWebApplication.php(282): PegawaiController->run()
#15 C:\laragon\www\yii-1\framework\web\CWebApplication.php(141): CWebApplication->runController()
#16 C:\laragon\www\yii-1\framework\base\CApplication.php(185): CWebApplication->processRequest()
#17 C:\laragon\www\inovamedika\index.php(13): CWebApplication->run()
REQUEST_URI=/inovamedika/index.php/pegawai
in C:\laragon\www\inovamedika\protected\views\pegawai\index.php (20)
in C:\laragon\www\inovamedika\protected\controllers\PegawaiController.php (126)
in C:\laragon\www\inovamedika\index.php (13)
2024/07/13 03:51:05 [error] [php] Undefined variable $model (C:\laragon\www\inovamedika\protected\views\pegawai\index.php:20)
Stack trace:
#0 C:\laragon\www\yii-1\framework\web\CBaseController.php(126): require()
#1 C:\laragon\www\yii-1\framework\web\CBaseController.php(95): PegawaiController->renderInternal()
#2 C:\laragon\www\yii-1\framework\web\CController.php(872): PegawaiController->renderFile()
#3 C:\laragon\www\yii-1\framework\web\CController.php(785): PegawaiController->renderPartial()
#4 C:\laragon\www\inovamedika\protected\controllers\PegawaiController.php(126): PegawaiController->render()
#5 C:\laragon\www\yii-1\framework\web\actions\CInlineAction.php(49): PegawaiController->actionIndex()
#6 C:\laragon\www\yii-1\framework\web\CController.php(308): CInlineAction->runWithParams()
#7 C:\laragon\www\yii-1\framework\web\filters\CFilterChain.php(134): PegawaiController->runAction()
#8 C:\laragon\www\yii-1\framework\web\filters\CFilter.php(40): CFilterChain->run()
#9 C:\laragon\www\yii-1\framework\web\CController.php(1148): CAccessControlFilter->filter()
#10 C:\laragon\www\yii-1\framework\web\filters\CInlineFilter.php(58): PegawaiController->filterAccessControl()
#11 C:\laragon\www\yii-1\framework\web\filters\CFilterChain.php(131): CInlineFilter->filter()
#12 C:\laragon\www\yii-1\framework\web\CController.php(291): CFilterChain->run()
#13 C:\laragon\www\yii-1\framework\web\CController.php(265): PegawaiController->runActionWithFilters()
#14 C:\laragon\www\yii-1\framework\web\CWebApplication.php(282): PegawaiController->run()
#15 C:\laragon\www\yii-1\framework\web\CWebApplication.php(141): CWebApplication->runController()
#16 C:\laragon\www\yii-1\framework\base\CApplication.php(185): CWebApplication->processRequest()
#17 C:\laragon\www\inovamedika\index.php(13): CWebApplication->run()
REQUEST_URI=/inovamedika/index.php/pegawai
in C:\laragon\www\inovamedika\protected\views\pegawai\index.php (20)
in C:\laragon\www\inovamedika\protected\controllers\PegawaiController.php (126)
in C:\laragon\www\inovamedika\index.php (13)
2024/07/13 03:51:06 [error] [php] Undefined variable $model (C:\laragon\www\inovamedika\protected\views\pegawai\index.php:20)
Stack trace:
#0 C:\laragon\www\yii-1\framework\web\CBaseController.php(126): require()
#1 C:\laragon\www\yii-1\framework\web\CBaseController.php(95): PegawaiController->renderInternal()
#2 C:\laragon\www\yii-1\framework\web\CController.php(872): PegawaiController->renderFile()
#3 C:\laragon\www\yii-1\framework\web\CController.php(785): PegawaiController->renderPartial()
#4 C:\laragon\www\inovamedika\protected\controllers\PegawaiController.php(126): PegawaiController->render()
#5 C:\laragon\www\yii-1\framework\web\actions\CInlineAction.php(49): PegawaiController->actionIndex()
#6 C:\laragon\www\yii-1\framework\web\CController.php(308): CInlineAction->runWithParams()
#7 C:\laragon\www\yii-1\framework\web\filters\CFilterChain.php(134): PegawaiController->runAction()
#8 C:\laragon\www\yii-1\framework\web\filters\CFilter.php(40): CFilterChain->run()
#9 C:\laragon\www\yii-1\framework\web\CController.php(1148): CAccessControlFilter->filter()
#10 C:\laragon\www\yii-1\framework\web\filters\CInlineFilter.php(58): PegawaiController->filterAccessControl()
#11 C:\laragon\www\yii-1\framework\web\filters\CFilterChain.php(131): CInlineFilter->filter()
#12 C:\laragon\www\yii-1\framework\web\CController.php(291): CFilterChain->run()
#13 C:\laragon\www\yii-1\framework\web\CController.php(265): PegawaiController->runActionWithFilters()
#14 C:\laragon\www\yii-1\framework\web\CWebApplication.php(282): PegawaiController->run()
#15 C:\laragon\www\yii-1\framework\web\CWebApplication.php(141): CWebApplication->runController()
#16 C:\laragon\www\yii-1\framework\base\CApplication.php(185): CWebApplication->processRequest()
#17 C:\laragon\www\inovamedika\index.php(13): CWebApplication->run()
REQUEST_URI=/inovamedika/index.php/pegawai
in C:\laragon\www\inovamedika\protected\views\pegawai\index.php (20)
in C:\laragon\www\inovamedika\protected\controllers\PegawaiController.php (126)
in C:\laragon\www\inovamedika\index.php (13)
2024/07/13 03:53:48 [error] [php] Undefined variable $model (C:\laragon\www\inovamedika\protected\views\pegawai\index.php:20)
Stack trace:
#0 C:\laragon\www\yii-1\framework\web\CBaseController.php(126): require()
#1 C:\laragon\www\yii-1\framework\web\CBaseController.php(95): PegawaiController->renderInternal()
#2 C:\laragon\www\yii-1\framework\web\CController.php(872): PegawaiController->renderFile()
#3 C:\laragon\www\yii-1\framework\web\CController.php(785): PegawaiController->renderPartial()
#4 C:\laragon\www\inovamedika\protected\controllers\PegawaiController.php(128): PegawaiController->render()
#5 C:\laragon\www\yii-1\framework\web\actions\CInlineAction.php(49): PegawaiController->actionIndex()
#6 C:\laragon\www\yii-1\framework\web\CController.php(308): CInlineAction->runWithParams()
#7 C:\laragon\www\yii-1\framework\web\filters\CFilterChain.php(134): PegawaiController->runAction()
#8 C:\laragon\www\yii-1\framework\web\filters\CFilter.php(40): CFilterChain->run()
#9 C:\laragon\www\yii-1\framework\web\CController.php(1148): CAccessControlFilter->filter()
#10 C:\laragon\www\yii-1\framework\web\filters\CInlineFilter.php(58): PegawaiController->filterAccessControl()
#11 C:\laragon\www\yii-1\framework\web\filters\CFilterChain.php(131): CInlineFilter->filter()
#12 C:\laragon\www\yii-1\framework\web\CController.php(291): CFilterChain->run()
#13 C:\laragon\www\yii-1\framework\web\CController.php(265): PegawaiController->runActionWithFilters()
#14 C:\laragon\www\yii-1\framework\web\CWebApplication.php(282): PegawaiController->run()
#15 C:\laragon\www\yii-1\framework\web\CWebApplication.php(141): CWebApplication->runController()
#16 C:\laragon\www\yii-1\framework\base\CApplication.php(185): CWebApplication->processRequest()
#17 C:\laragon\www\inovamedika\index.php(13): CWebApplication->run()
REQUEST_URI=/inovamedika/index.php/pegawai
in C:\laragon\www\inovamedika\protected\views\pegawai\index.php (20)
in C:\laragon\www\inovamedika\protected\controllers\PegawaiController.php (128)
in C:\laragon\www\inovamedika\index.php (13)
2024/07/13 03:53:49 [error] [php] Undefined variable $model (C:\laragon\www\inovamedika\protected\views\pegawai\index.php:20)
Stack trace:
#0 C:\laragon\www\yii-1\framework\web\CBaseController.php(126): require()
#1 C:\laragon\www\yii-1\framework\web\CBaseController.php(95): PegawaiController->renderInternal()
#2 C:\laragon\www\yii-1\framework\web\CController.php(872): PegawaiController->renderFile()
#3 C:\laragon\www\yii-1\framework\web\CController.php(785): PegawaiController->renderPartial()
#4 C:\laragon\www\inovamedika\protected\controllers\PegawaiController.php(128): PegawaiController->render()
#5 C:\laragon\www\yii-1\framework\web\actions\CInlineAction.php(49): PegawaiController->actionIndex()
#6 C:\laragon\www\yii-1\framework\web\CController.php(308): CInlineAction->runWithParams()
#7 C:\laragon\www\yii-1\framework\web\filters\CFilterChain.php(134): PegawaiController->runAction()
#8 C:\laragon\www\yii-1\framework\web\filters\CFilter.php(40): CFilterChain->run()
#9 C:\laragon\www\yii-1\framework\web\CController.php(1148): CAccessControlFilter->filter()
#10 C:\laragon\www\yii-1\framework\web\filters\CInlineFilter.php(58): PegawaiController->filterAccessControl()
#11 C:\laragon\www\yii-1\framework\web\filters\CFilterChain.php(131): CInlineFilter->filter()
#12 C:\laragon\www\yii-1\framework\web\CController.php(291): CFilterChain->run()
#13 C:\laragon\www\yii-1\framework\web\CController.php(265): PegawaiController->runActionWithFilters()
#14 C:\laragon\www\yii-1\framework\web\CWebApplication.php(282): PegawaiController->run()
#15 C:\laragon\www\yii-1\framework\web\CWebApplication.php(141): CWebApplication->runController()
#16 C:\laragon\www\yii-1\framework\base\CApplication.php(185): CWebApplication->processRequest()
#17 C:\laragon\www\inovamedika\index.php(13): CWebApplication->run()
REQUEST_URI=/inovamedika/index.php/pegawai
in C:\laragon\www\inovamedika\protected\views\pegawai\index.php (20)
in C:\laragon\www\inovamedika\protected\controllers\PegawaiController.php (128)
in C:\laragon\www\inovamedika\index.php (13)
2024/07/13 03:54:04 [error] [php] Undefined variable $model (C:\laragon\www\inovamedika\protected\views\pegawai\index.php:20)
Stack trace:
#0 C:\laragon\www\yii-1\framework\web\CBaseController.php(126): require()
#1 C:\laragon\www\yii-1\framework\web\CBaseController.php(95): PegawaiController->renderInternal()
#2 C:\laragon\www\yii-1\framework\web\CController.php(872): PegawaiController->renderFile()
#3 C:\laragon\www\yii-1\framework\web\CController.php(785): PegawaiController->renderPartial()
#4 C:\laragon\www\inovamedika\protected\controllers\PegawaiController.php(128): PegawaiController->render()
#5 C:\laragon\www\yii-1\framework\web\actions\CInlineAction.php(49): PegawaiController->actionIndex()
#6 C:\laragon\www\yii-1\framework\web\CController.php(308): CInlineAction->runWithParams()
#7 C:\laragon\www\yii-1\framework\web\filters\CFilterChain.php(134): PegawaiController->runAction()
#8 C:\laragon\www\yii-1\framework\web\filters\CFilter.php(40): CFilterChain->run()
#9 C:\laragon\www\yii-1\framework\web\CController.php(1148): CAccessControlFilter->filter()
#10 C:\laragon\www\yii-1\framework\web\filters\CInlineFilter.php(58): PegawaiController->filterAccessControl()
#11 C:\laragon\www\yii-1\framework\web\filters\CFilterChain.php(131): CInlineFilter->filter()
#12 C:\laragon\www\yii-1\framework\web\CController.php(291): CFilterChain->run()
#13 C:\laragon\www\yii-1\framework\web\CController.php(265): PegawaiController->runActionWithFilters()
#14 C:\laragon\www\yii-1\framework\web\CWebApplication.php(282): PegawaiController->run()
#15 C:\laragon\www\yii-1\framework\web\CWebApplication.php(141): CWebApplication->runController()
#16 C:\laragon\www\yii-1\framework\base\CApplication.php(185): CWebApplication->processRequest()
#17 C:\laragon\www\inovamedika\index.php(13): CWebApplication->run()
REQUEST_URI=/inovamedika/index.php/pegawai
in C:\laragon\www\inovamedika\protected\views\pegawai\index.php (20)
in C:\laragon\www\inovamedika\protected\controllers\PegawaiController.php (128)
in C:\laragon\www\inovamedika\index.php (13)
